<?xml version="1.0" encoding="UTF-8"?>
<coverage generated="1676895568106" clover="3.2.0">
  <project timestamp="1676895568106" name="All files">
    <metrics statements="81" coveredstatements="76" conditionals="43" coveredconditionals="38" methods="21" coveredmethods="21" elements="145" coveredelements="135" complexity="0" loc="81" ncloc="81" packages="2" files="5" classes="5"/>
    <package name="src">
      <metrics statements="31" coveredstatements="29" conditionals="15" coveredconditionals="13" methods="7" coveredmethods="7"/>
      <file name="index.js" path="/home/animch/frontend-project-46/src/index.js">
        <metrics statements="26" coveredstatements="26" conditionals="11" coveredconditionals="11" methods="6" coveredmethods="6"/>
        <line num="7" count="1" type="stmt"/>
        <line num="8" count="35" type="stmt"/>
        <line num="9" count="35" type="stmt"/>
        <line num="10" count="35" type="stmt"/>
        <line num="11" count="35" type="stmt"/>
        <line num="12" count="126" type="cond" truecount="4" falsecount="0"/>
        <line num="13" count="28" type="stmt"/>
        <line num="15" count="98" type="cond" truecount="2" falsecount="0"/>
        <line num="16" count="35" type="stmt"/>
        <line num="18" count="63" type="cond" truecount="2" falsecount="0"/>
        <line num="19" count="14" type="stmt"/>
        <line num="21" count="49" type="cond" truecount="2" falsecount="0"/>
        <line num="22" count="28" type="stmt"/>
        <line num="26" count="21" type="stmt"/>
        <line num="28" count="35" type="stmt"/>
        <line num="31" count="14" type="stmt"/>
        <line num="32" count="14" type="stmt"/>
        <line num="33" count="14" type="stmt"/>
        <line num="36" count="7" type="stmt"/>
        <line num="37" count="7" type="stmt"/>
        <line num="38" count="7" type="stmt"/>
        <line num="39" count="7" type="stmt"/>
        <line num="40" count="7" type="stmt"/>
        <line num="41" count="7" type="stmt"/>
        <line num="42" count="7" type="stmt"/>
        <line num="44" count="7" type="stmt"/>
      </file>
      <file name="parsers.js" path="/home/animch/frontend-project-46/src/parsers.js">
        <metrics statements="5" coveredstatements="3" conditionals="4" coveredconditionals="2" methods="1" coveredmethods="1"/>
        <line num="4" count="14" type="cond" truecount="2" falsecount="2"/>
        <line num="6" count="8" type="stmt"/>
        <line num="8" count="6" type="stmt"/>
        <line num="10" count="0" type="stmt"/>
        <line num="12" count="0" type="stmt"/>
      </file>
    </package>
    <package name="src.formatters">
      <metrics statements="50" coveredstatements="47" conditionals="28" coveredconditionals="25" methods="14" coveredmethods="14"/>
      <file name="index.js" path="/home/animch/frontend-project-46/src/formatters/index.js">
        <metrics statements="5" coveredstatements="4" conditionals="4" coveredconditionals="3" methods="1" coveredmethods="1"/>
        <line num="5" count="7" type="cond" truecount="3" falsecount="1"/>
        <line num="7" count="3" type="stmt"/>
        <line num="9" count="2" type="stmt"/>
        <line num="11" count="2" type="stmt"/>
        <line num="13" count="0" type="stmt"/>
      </file>
      <file name="plain.js" path="/home/animch/frontend-project-46/src/formatters/plain.js">
        <metrics statements="20" coveredstatements="19" conditionals="13" coveredconditionals="12" methods="6" coveredmethods="6"/>
        <line num="3" count="1" type="stmt"/>
        <line num="4" count="26" type="cond" truecount="2" falsecount="0"/>
        <line num="5" count="6" type="stmt"/>
        <line num="7" count="20" type="cond" truecount="2" falsecount="0"/>
        <line num="11" count="2" type="cond" truecount="1" falsecount="0"/>
        <line num="12" count="36" type="stmt"/>
        <line num="13" count="36" type="stmt"/>
        <line num="14" count="36" type="cond" truecount="2" falsecount="0"/>
        <line num="15" count="36" type="cond" truecount="5" falsecount="1"/>
        <line num="17" count="8" type="stmt"/>
        <line num="18" count="28" type="stmt"/>
        <line num="19" count="28" type="stmt"/>
        <line num="20" count="8" type="stmt"/>
        <line num="23" count="10" type="stmt"/>
        <line num="26" count="4" type="stmt"/>
        <line num="29" count="8" type="stmt"/>
        <line num="32" count="6" type="stmt"/>
        <line num="35" count="0" type="stmt"/>
        <line num="39" count="8" type="stmt"/>
        <line num="40" count="2" type="stmt"/>
      </file>
      <file name="stylish.js" path="/home/animch/frontend-project-46/src/formatters/stylish.js">
        <metrics statements="25" coveredstatements="24" conditionals="11" coveredconditionals="10" methods="7" coveredmethods="7"/>
        <line num="3" count="1" type="stmt"/>
        <line num="4" count="126" type="cond" truecount="1" falsecount="0"/>
        <line num="6" count="1" type="stmt"/>
        <line num="7" count="81" type="cond" truecount="4" falsecount="0"/>
        <line num="8" count="60" type="stmt"/>
        <line num="10" count="27" type="stmt"/>
        <line num="11" count="21" type="stmt"/>
        <line num="12" count="21" type="stmt"/>
        <line num="15" count="1" type="stmt"/>
        <line num="16" count="3" type="stmt"/>
        <line num="17" count="54" type="stmt"/>
        <line num="18" count="54" type="stmt"/>
        <line num="19" count="54" type="cond" truecount="5" falsecount="1"/>
        <line num="21" count="12" type="stmt"/>
        <line num="22" count="42" type="stmt"/>
        <line num="23" count="12" type="stmt"/>
        <line num="26" count="15" type="stmt"/>
        <line num="29" count="6" type="stmt"/>
        <line num="32" count="12" type="stmt"/>
        <line num="33" count="12" type="stmt"/>
        <line num="34" count="12" type="stmt"/>
        <line num="37" count="9" type="stmt"/>
        <line num="40" count="0" type="stmt"/>
        <line num="44" count="12" type="stmt"/>
        <line num="46" count="3" type="stmt"/>
      </file>
    </package>
  </project>
</coverage>
