{"/home/animch/frontend-project-46/src/index.js": {"path":"/home/animch/frontend-project-46/src/index.js","statementMap":{"0":{"start":{"line":7,"column":16},"end":{"line":29,"column":1}},"1":{"start":{"line":8,"column":16},"end":{"line":8,"column":34}},"2":{"start":{"line":9,"column":16},"end":{"line":9,"column":34}},"3":{"start":{"line":10,"column":19},"end":{"line":10,"column":50}},"4":{"start":{"line":11,"column":17},"end":{"line":27,"column":4}},"5":{"start":{"line":12,"column":4},"end":{"line":14,"column":5}},"6":{"start":{"line":13,"column":6},"end":{"line":13,"column":80}},"7":{"start":{"line":15,"column":4},"end":{"line":17,"column":5}},"8":{"start":{"line":16,"column":6},"end":{"line":16,"column":55}},"9":{"start":{"line":18,"column":4},"end":{"line":20,"column":5}},"10":{"start":{"line":19,"column":6},"end":{"line":19,"column":57}},"11":{"start":{"line":21,"column":4},"end":{"line":25,"column":5}},"12":{"start":{"line":22,"column":6},"end":{"line":24,"column":8}},"13":{"start":{"line":26,"column":4},"end":{"line":26,"column":57}},"14":{"start":{"line":28,"column":2},"end":{"line":28,"column":16}},"15":{"start":{"line":31,"column":18},"end":{"line":31,"column":54}},"16":{"start":{"line":31,"column":32},"end":{"line":31,"column":54}},"17":{"start":{"line":32,"column":19},"end":{"line":32,"column":75}},"18":{"start":{"line":32,"column":33},"end":{"line":32,"column":75}},"19":{"start":{"line":33,"column":20},"end":{"line":33,"column":65}},"20":{"start":{"line":33,"column":34},"end":{"line":33,"column":65}},"21":{"start":{"line":36,"column":16},"end":{"line":36,"column":35}},"22":{"start":{"line":37,"column":16},"end":{"line":37,"column":35}},"23":{"start":{"line":38,"column":18},"end":{"line":38,"column":38}},"24":{"start":{"line":39,"column":18},"end":{"line":39,"column":38}},"25":{"start":{"line":40,"column":22},"end":{"line":40,"column":44}},"26":{"start":{"line":41,"column":22},"end":{"line":41,"column":44}},"27":{"start":{"line":42,"column":15},"end":{"line":42,"column":48}},"28":{"start":{"line":44,"column":2},"end":{"line":44,"column":32}}},"fnMap":{"0":{"name":"(anonymous_0)","decl":{"start":{"line":7,"column":16},"end":{"line":7,"column":17}},"loc":{"start":{"line":7,"column":34},"end":{"line":29,"column":1}},"line":7},"1":{"name":"(anonymous_1)","decl":{"start":{"line":11,"column":30},"end":{"line":11,"column":31}},"loc":{"start":{"line":11,"column":39},"end":{"line":27,"column":3}},"line":11},"2":{"name":"(anonymous_2)","decl":{"start":{"line":31,"column":18},"end":{"line":31,"column":19}},"loc":{"start":{"line":31,"column":32},"end":{"line":31,"column":54}},"line":31},"3":{"name":"(anonymous_3)","decl":{"start":{"line":32,"column":19},"end":{"line":32,"column":20}},"loc":{"start":{"line":32,"column":33},"end":{"line":32,"column":75}},"line":32},"4":{"name":"(anonymous_4)","decl":{"start":{"line":33,"column":20},"end":{"line":33,"column":21}},"loc":{"start":{"line":33,"column":34},"end":{"line":33,"column":65}},"line":33},"5":{"name":"(anonymous_5)","decl":{"start":{"line":35,"column":16},"end":{"line":35,"column":17}},"loc":{"start":{"line":35,"column":62},"end":{"line":45,"column":1}},"line":35}},"branchMap":{"0":{"loc":{"start":{"line":12,"column":4},"end":{"line":14,"column":5}},"type":"if","locations":[{"start":{"line":12,"column":4},"end":{"line":14,"column":5}},{"start":{},"end":{}}],"line":12},"1":{"loc":{"start":{"line":12,"column":8},"end":{"line":12,"column":56}},"type":"binary-expr","locations":[{"start":{"line":12,"column":8},"end":{"line":12,"column":30}},{"start":{"line":12,"column":34},"end":{"line":12,"column":56}}],"line":12},"2":{"loc":{"start":{"line":15,"column":4},"end":{"line":17,"column":5}},"type":"if","locations":[{"start":{"line":15,"column":4},"end":{"line":17,"column":5}},{"start":{},"end":{}}],"line":15},"3":{"loc":{"start":{"line":18,"column":4},"end":{"line":20,"column":5}},"type":"if","locations":[{"start":{"line":18,"column":4},"end":{"line":20,"column":5}},{"start":{},"end":{}}],"line":18},"4":{"loc":{"start":{"line":21,"column":4},"end":{"line":25,"column":5}},"type":"if","locations":[{"start":{"line":21,"column":4},"end":{"line":25,"column":5}},{"start":{},"end":{}}],"line":21},"5":{"loc":{"start":{"line":35,"column":39},"end":{"line":35,"column":57}},"type":"default-arg","locations":[{"start":{"line":35,"column":48},"end":{"line":35,"column":57}}],"line":35}},"s":{"0":1,"1":35,"2":35,"3":35,"4":35,"5":126,"6":28,"7":98,"8":35,"9":63,"10":14,"11":49,"12":28,"13":21,"14":35,"15":1,"16":14,"17":1,"18":14,"19":1,"20":14,"21":7,"22":7,"23":7,"24":7,"25":7,"26":7,"27":7,"28":7},"f":{"0":35,"1":126,"2":14,"3":14,"4":14,"5":7},"b":{"0":[28,98],"1":[126,42],"2":[35,63],"3":[14,49],"4":[28,21],"5":[1]},"_coverageSchema":"1a1c01bbd47fc00a2c39e90264f33305004495a9","hash":"18bff47421963a8a104b0aaf3b224509e1c93eea"}
,"/home/animch/frontend-project-46/src/parsers.js": {"path":"/home/animch/frontend-project-46/src/parsers.js","statementMap":{"0":{"start":{"line":4,"column":4},"end":{"line":13,"column":5}},"1":{"start":{"line":6,"column":8},"end":{"line":6,"column":32}},"2":{"start":{"line":8,"column":8},"end":{"line":8,"column":31}},"3":{"start":{"line":10,"column":8},"end":{"line":10,"column":31}},"4":{"start":{"line":12,"column":8},"end":{"line":12,"column":54}}},"fnMap":{"0":{"name":"(anonymous_0)","decl":{"start":{"line":3,"column":15},"end":{"line":3,"column":16}},"loc":{"start":{"line":3,"column":33},"end":{"line":14,"column":3}},"line":3}},"branchMap":{"0":{"loc":{"start":{"line":4,"column":4},"end":{"line":13,"column":5}},"type":"switch","locations":[{"start":{"line":5,"column":6},"end":{"line":6,"column":32}},{"start":{"line":7,"column":6},"end":{"line":8,"column":31}},{"start":{"line":9,"column":6},"end":{"line":10,"column":31}},{"start":{"line":11,"column":6},"end":{"line":12,"column":54}}],"line":4}},"s":{"0":14,"1":8,"2":6,"3":0,"4":0},"f":{"0":14},"b":{"0":[8,6,0,0]},"_coverageSchema":"1a1c01bbd47fc00a2c39e90264f33305004495a9","hash":"c326b0b75d388db68d5f24d5cd77508f12420aaa"}
,"/home/animch/frontend-project-46/src/formatters/index.js": {"path":"/home/animch/frontend-project-46/src/formatters/index.js","statementMap":{"0":{"start":{"line":5,"column":2},"end":{"line":14,"column":3}},"1":{"start":{"line":7,"column":6},"end":{"line":7,"column":31}},"2":{"start":{"line":9,"column":6},"end":{"line":9,"column":29}},"3":{"start":{"line":11,"column":6},"end":{"line":11,"column":34}},"4":{"start":{"line":13,"column":6},"end":{"line":13,"column":52}}},"fnMap":{"0":{"name":"(anonymous_0)","decl":{"start":{"line":4,"column":15},"end":{"line":4,"column":16}},"loc":{"start":{"line":4,"column":33},"end":{"line":15,"column":1}},"line":4}},"branchMap":{"0":{"loc":{"start":{"line":5,"column":2},"end":{"line":14,"column":3}},"type":"switch","locations":[{"start":{"line":6,"column":4},"end":{"line":7,"column":31}},{"start":{"line":8,"column":4},"end":{"line":9,"column":29}},{"start":{"line":10,"column":4},"end":{"line":11,"column":34}},{"start":{"line":12,"column":4},"end":{"line":13,"column":52}}],"line":5}},"s":{"0":7,"1":3,"2":2,"3":2,"4":0},"f":{"0":7},"b":{"0":[3,2,2,0]},"_coverageSchema":"1a1c01bbd47fc00a2c39e90264f33305004495a9","hash":"ad75708c790f9b863e8769d4b1522b88f01b5f61"}
,"/home/animch/frontend-project-46/src/formatters/plain.js": {"path":"/home/animch/frontend-project-46/src/formatters/plain.js","statementMap":{"0":{"start":{"line":3,"column":19},"end":{"line":8,"column":1}},"1":{"start":{"line":4,"column":2},"end":{"line":6,"column":3}},"2":{"start":{"line":5,"column":4},"end":{"line":5,"column":29}},"3":{"start":{"line":7,"column":2},"end":{"line":7,"column":66}},"4":{"start":{"line":11,"column":15},"end":{"line":32,"column":3}},"5":{"start":{"line":12,"column":18},"end":{"line":12,"column":27}},"6":{"start":{"line":13,"column":17},"end":{"line":13,"column":25}},"7":{"start":{"line":14,"column":20},"end":{"line":14,"column":60}},"8":{"start":{"line":15,"column":4},"end":{"line":31,"column":5}},"9":{"start":{"line":17,"column":30},"end":{"line":19,"column":46}},"10":{"start":{"line":18,"column":29},"end":{"line":18,"column":49}},"11":{"start":{"line":19,"column":32},"end":{"line":19,"column":44}},"12":{"start":{"line":20,"column":12},"end":{"line":20,"column":45}},"13":{"start":{"line":22,"column":12},"end":{"line":22,"column":91}},"14":{"start":{"line":24,"column":12},"end":{"line":24,"column":55}},"15":{"start":{"line":26,"column":12},"end":{"line":26,"column":118}},"16":{"start":{"line":28,"column":12},"end":{"line":28,"column":22}},"17":{"start":{"line":30,"column":12},"end":{"line":30,"column":55}},"18":{"start":{"line":33,"column":17},"end":{"line":33,"column":52}},"19":{"start":{"line":33,"column":41},"end":{"line":33,"column":51}},"20":{"start":{"line":34,"column":2},"end":{"line":34,"column":27}}},"fnMap":{"0":{"name":"(anonymous_0)","decl":{"start":{"line":3,"column":19},"end":{"line":3,"column":20}},"loc":{"start":{"line":3,"column":30},"end":{"line":8,"column":1}},"line":3},"1":{"name":"(anonymous_1)","decl":{"start":{"line":10,"column":15},"end":{"line":10,"column":16}},"loc":{"start":{"line":10,"column":26},"end":{"line":35,"column":1}},"line":10},"2":{"name":"(anonymous_2)","decl":{"start":{"line":11,"column":15},"end":{"line":11,"column":16}},"loc":{"start":{"line":11,"column":38},"end":{"line":32,"column":3}},"line":11},"3":{"name":"(anonymous_3)","decl":{"start":{"line":18,"column":17},"end":{"line":18,"column":18}},"loc":{"start":{"line":18,"column":29},"end":{"line":18,"column":49}},"line":18},"4":{"name":"(anonymous_4)","decl":{"start":{"line":19,"column":20},"end":{"line":19,"column":21}},"loc":{"start":{"line":19,"column":32},"end":{"line":19,"column":44}},"line":19},"5":{"name":"(anonymous_5)","decl":{"start":{"line":33,"column":31},"end":{"line":33,"column":32}},"loc":{"start":{"line":33,"column":41},"end":{"line":33,"column":51}},"line":33}},"branchMap":{"0":{"loc":{"start":{"line":4,"column":2},"end":{"line":6,"column":3}},"type":"if","locations":[{"start":{"line":4,"column":2},"end":{"line":6,"column":3}},{"start":{},"end":{}}],"line":4},"1":{"loc":{"start":{"line":7,"column":9},"end":{"line":7,"column":65}},"type":"cond-expr","locations":[{"start":{"line":7,"column":37},"end":{"line":7,"column":49}},{"start":{"line":7,"column":52},"end":{"line":7,"column":65}}],"line":7},"2":{"loc":{"start":{"line":11,"column":22},"end":{"line":11,"column":33}},"type":"default-arg","locations":[{"start":{"line":11,"column":31},"end":{"line":11,"column":33}}],"line":11},"3":{"loc":{"start":{"line":14,"column":20},"end":{"line":14,"column":60}},"type":"cond-expr","locations":[{"start":{"line":14,"column":29},"end":{"line":14,"column":48}},{"start":{"line":14,"column":51},"end":{"line":14,"column":60}}],"line":14},"4":{"loc":{"start":{"line":15,"column":4},"end":{"line":31,"column":5}},"type":"switch","locations":[{"start":{"line":16,"column":8},"end":{"line":20,"column":45}},{"start":{"line":21,"column":8},"end":{"line":22,"column":91}},{"start":{"line":23,"column":8},"end":{"line":24,"column":55}},{"start":{"line":25,"column":8},"end":{"line":26,"column":118}},{"start":{"line":27,"column":8},"end":{"line":28,"column":22}},{"start":{"line":29,"column":8},"end":{"line":30,"column":55}}],"line":15}},"s":{"0":1,"1":26,"2":6,"3":20,"4":2,"5":36,"6":36,"7":36,"8":36,"9":8,"10":28,"11":28,"12":8,"13":10,"14":4,"15":8,"16":6,"17":0,"18":2,"19":8,"20":2},"f":{"0":26,"1":2,"2":36,"3":28,"4":28,"5":8},"b":{"0":[6,20],"1":[14,6],"2":[8],"3":[28,8],"4":[8,10,4,8,6,0]},"_coverageSchema":"1a1c01bbd47fc00a2c39e90264f33305004495a9","hash":"f8c8245cc2d6b8c81f6671616c5236ba0e966f21"}
,"/home/animch/frontend-project-46/src/formatters/stylish.js": {"path":"/home/animch/frontend-project-46/src/formatters/stylish.js","statementMap":{"0":{"start":{"line":3,"column":16},"end":{"line":3,"column":19}},"1":{"start":{"line":4,"column":19},"end":{"line":4,"column":84}},"2":{"start":{"line":4,"column":46},"end":{"line":4,"column":84}},"3":{"start":{"line":6,"column":18},"end":{"line":13,"column":1}},"4":{"start":{"line":7,"column":2},"end":{"line":9,"column":3}},"5":{"start":{"line":8,"column":4},"end":{"line":8,"column":24}},"6":{"start":{"line":10,"column":16},"end":{"line":10,"column":126}},"7":{"start":{"line":10,"column":59},"end":{"line":10,"column":125}},"8":{"start":{"line":11,"column":17},"end":{"line":11,"column":70}},"9":{"start":{"line":12,"column":2},"end":{"line":12,"column":16}},"10":{"start":{"line":14,"column":16},"end":{"line":39,"column":1}},"11":{"start":{"line":15,"column":15},"end":{"line":36,"column":3}},"12":{"start":{"line":16,"column":18},"end":{"line":16,"column":27}},"13":{"start":{"line":17,"column":17},"end":{"line":17,"column":25}},"14":{"start":{"line":18,"column":4},"end":{"line":35,"column":5}},"15":{"start":{"line":20,"column":27},"end":{"line":20,"column":40}},"16":{"start":{"line":21,"column":30},"end":{"line":21,"column":75}},"17":{"start":{"line":21,"column":52},"end":{"line":21,"column":74}},"18":{"start":{"line":22,"column":12},"end":{"line":22,"column":104}},"19":{"start":{"line":24,"column":12},"end":{"line":24,"column":84}},"20":{"start":{"line":26,"column":12},"end":{"line":26,"column":84}},"21":{"start":{"line":28,"column":28},"end":{"line":28,"column":93}},"22":{"start":{"line":29,"column":28},"end":{"line":29,"column":93}},"23":{"start":{"line":30,"column":12},"end":{"line":30,"column":49}},"24":{"start":{"line":32,"column":12},"end":{"line":32,"column":86}},"25":{"start":{"line":34,"column":12},"end":{"line":34,"column":52}},"26":{"start":{"line":37,"column":17},"end":{"line":37,"column":50}},"27":{"start":{"line":37,"column":36},"end":{"line":37,"column":49}},"28":{"start":{"line":38,"column":2},"end":{"line":38,"column":42}}},"fnMap":{"0":{"name":"(anonymous_0)","decl":{"start":{"line":4,"column":19},"end":{"line":4,"column":20}},"loc":{"start":{"line":4,"column":46},"end":{"line":4,"column":84}},"line":4},"1":{"name":"(anonymous_1)","decl":{"start":{"line":6,"column":18},"end":{"line":6,"column":19}},"loc":{"start":{"line":6,"column":35},"end":{"line":13,"column":1}},"line":6},"2":{"name":"(anonymous_2)","decl":{"start":{"line":10,"column":41},"end":{"line":10,"column":42}},"loc":{"start":{"line":10,"column":59},"end":{"line":10,"column":125}},"line":10},"3":{"name":"(anonymous_3)","decl":{"start":{"line":14,"column":16},"end":{"line":14,"column":17}},"loc":{"start":{"line":14,"column":26},"end":{"line":39,"column":1}},"line":14},"4":{"name":"(anonymous_4)","decl":{"start":{"line":15,"column":15},"end":{"line":15,"column":16}},"loc":{"start":{"line":15,"column":32},"end":{"line":36,"column":3}},"line":15},"5":{"name":"(anonymous_5)","decl":{"start":{"line":21,"column":41},"end":{"line":21,"column":42}},"loc":{"start":{"line":21,"column":52},"end":{"line":21,"column":74}},"line":21},"6":{"name":"(anonymous_6)","decl":{"start":{"line":37,"column":26},"end":{"line":37,"column":27}},"loc":{"start":{"line":37,"column":36},"end":{"line":37,"column":49}},"line":37}},"branchMap":{"0":{"loc":{"start":{"line":4,"column":27},"end":{"line":4,"column":41}},"type":"default-arg","locations":[{"start":{"line":4,"column":40},"end":{"line":4,"column":41}}],"line":4},"1":{"loc":{"start":{"line":7,"column":2},"end":{"line":9,"column":3}},"type":"if","locations":[{"start":{"line":7,"column":2},"end":{"line":9,"column":3}},{"start":{},"end":{}}],"line":7},"2":{"loc":{"start":{"line":7,"column":6},"end":{"line":7,"column":40}},"type":"binary-expr","locations":[{"start":{"line":7,"column":6},"end":{"line":7,"column":23}},{"start":{"line":7,"column":27},"end":{"line":7,"column":40}}],"line":7},"3":{"loc":{"start":{"line":18,"column":4},"end":{"line":35,"column":5}},"type":"switch","locations":[{"start":{"line":19,"column":8},"end":{"line":22,"column":104}},{"start":{"line":23,"column":8},"end":{"line":24,"column":84}},{"start":{"line":25,"column":8},"end":{"line":26,"column":84}},{"start":{"line":27,"column":8},"end":{"line":30,"column":49}},{"start":{"line":31,"column":8},"end":{"line":32,"column":86}},{"start":{"line":33,"column":8},"end":{"line":34,"column":52}}],"line":18}},"s":{"0":1,"1":1,"2":126,"3":1,"4":81,"5":60,"6":21,"7":27,"8":21,"9":21,"10":1,"11":3,"12":54,"13":54,"14":54,"15":12,"16":12,"17":42,"18":12,"19":15,"20":6,"21":12,"22":12,"23":12,"24":9,"25":0,"26":3,"27":12,"28":3},"f":{"0":126,"1":81,"2":27,"3":3,"4":54,"5":42,"6":12},"b":{"0":[126],"1":[60,21],"2":[81,21],"3":[12,15,6,12,9,0]},"_coverageSchema":"1a1c01bbd47fc00a2c39e90264f33305004495a9","hash":"ba29094ef50a5b94265de2bcbc1ea203b633b738"}
}
