TN:
SF:src/index.js
FN:7,(anonymous_0)
FN:11,(anonymous_1)
FN:31,(anonymous_2)
FN:32,(anonymous_3)
FN:33,(anonymous_4)
FN:35,(anonymous_5)
FNF:6
FNH:6
FNDA:35,(anonymous_0)
FNDA:126,(anonymous_1)
FNDA:14,(anonymous_2)
FNDA:14,(anonymous_3)
FNDA:14,(anonymous_4)
FNDA:7,(anonymous_5)
DA:7,1
DA:8,35
DA:9,35
DA:10,35
DA:11,35
DA:12,126
DA:13,28
DA:15,98
DA:16,35
DA:18,63
DA:19,14
DA:21,49
DA:22,28
DA:26,21
DA:28,35
DA:31,14
DA:32,14
DA:33,14
DA:36,7
DA:37,7
DA:38,7
DA:39,7
DA:40,7
DA:41,7
DA:42,7
DA:44,7
LF:26
LH:26
BRDA:12,0,0,28
BRDA:12,0,1,98
BRDA:12,1,0,126
BRDA:12,1,1,42
BRDA:15,2,0,35
BRDA:15,2,1,63
BRDA:18,3,0,14
BRDA:18,3,1,49
BRDA:21,4,0,28
BRDA:21,4,1,21
BRDA:35,5,0,1
BRF:11
BRH:11
end_of_record
TN:
SF:src/parsers.js
FN:3,(anonymous_0)
FNF:1
FNH:1
FNDA:14,(anonymous_0)
DA:4,14
DA:6,8
DA:8,6
DA:10,0
DA:12,0
LF:5
LH:3
BRDA:4,0,0,8
BRDA:4,0,1,6
BRDA:4,0,2,0
BRDA:4,0,3,0
BRF:4
BRH:2
end_of_record
TN:
SF:src/formatters/index.js
FN:4,(anonymous_0)
FNF:1
FNH:1
FNDA:7,(anonymous_0)
DA:5,7
DA:7,3
DA:9,2
DA:11,2
DA:13,0
LF:5
LH:4
BRDA:5,0,0,3
BRDA:5,0,1,2
BRDA:5,0,2,2
BRDA:5,0,3,0
BRF:4
BRH:3
end_of_record
TN:
SF:src/formatters/plain.js
FN:3,(anonymous_0)
FN:10,(anonymous_1)
FN:11,(anonymous_2)
FN:18,(anonymous_3)
FN:19,(anonymous_4)
FN:33,(anonymous_5)
FNF:6
FNH:6
FNDA:26,(anonymous_0)
FNDA:2,(anonymous_1)
FNDA:36,(anonymous_2)
FNDA:28,(anonymous_3)
FNDA:28,(anonymous_4)
FNDA:8,(anonymous_5)
DA:3,1
DA:4,26
DA:5,6
DA:7,20
DA:11,2
DA:12,36
DA:13,36
DA:14,36
DA:15,36
DA:17,8
DA:18,28
DA:19,28
DA:20,8
DA:22,10
DA:24,4
DA:26,8
DA:28,6
DA:30,0
DA:33,8
DA:34,2
LF:20
LH:19
BRDA:4,0,0,6
BRDA:4,0,1,20
BRDA:7,1,0,14
BRDA:7,1,1,6
BRDA:11,2,0,8
BRDA:14,3,0,28
BRDA:14,3,1,8
BRDA:15,4,0,8
BRDA:15,4,1,10
BRDA:15,4,2,4
BRDA:15,4,3,8
BRDA:15,4,4,6
BRDA:15,4,5,0
BRF:13
BRH:12
end_of_record
TN:
SF:src/formatters/stylish.js
FN:4,(anonymous_0)
FN:6,(anonymous_1)
FN:10,(anonymous_2)
FN:14,(anonymous_3)
FN:15,(anonymous_4)
FN:21,(anonymous_5)
FN:37,(anonymous_6)
FNF:7
FNH:7
FNDA:126,(anonymous_0)
FNDA:81,(anonymous_1)
FNDA:27,(anonymous_2)
FNDA:3,(anonymous_3)
FNDA:54,(anonymous_4)
FNDA:42,(anonymous_5)
FNDA:12,(anonymous_6)
DA:3,1
DA:4,126
DA:6,1
DA:7,81
DA:8,60
DA:10,27
DA:11,21
DA:12,21
DA:14,1
DA:15,3
DA:16,54
DA:17,54
DA:18,54
DA:20,12
DA:21,42
DA:22,12
DA:24,15
DA:26,6
DA:28,12
DA:29,12
DA:30,12
DA:32,9
DA:34,0
DA:37,12
DA:38,3
LF:25
LH:24
BRDA:4,0,0,126
BRDA:7,1,0,60
BRDA:7,1,1,21
BRDA:7,2,0,81
BRDA:7,2,1,21
BRDA:18,3,0,12
BRDA:18,3,1,15
BRDA:18,3,2,6
BRDA:18,3,3,12
BRDA:18,3,4,9
BRDA:18,3,5,0
BRF:11
BRH:10
end_of_record
